[debug] [2021-10-22T04:48:38.073Z] ----------------------------------------------------------------------
[debug] [2021-10-22T04:48:38.077Z] Command:       C:\Program Files\nodejs\node.exe C:\Users\hp\AppData\Roaming\npm\node_modules\firebase-tools\lib\bin\firebase.js init
[debug] [2021-10-22T04:48:38.077Z] CLI Version:   9.20.0
[debug] [2021-10-22T04:48:38.077Z] Platform:      win32
[debug] [2021-10-22T04:48:38.078Z] Node Version:  v14.17.4
[debug] [2021-10-22T04:48:38.080Z] Time:          Fri Oct 22 2021 10:48:38 GMT+0600 (Bangladesh Standard Time)
[debug] [2021-10-22T04:48:38.080Z] ----------------------------------------------------------------------
[debug] 
[debug] [2021-10-22T04:48:38.177Z] > command requires scopes: ["email","openid","https://www.googleapis.com/auth/cloudplatformprojects.readonly","https://www.googleapis.com/auth/firebase","https://www.googleapis.com/auth/cloud-platform"]
[debug] [2021-10-22T04:48:38.178Z] > authorizing via signed-in user (hamed.mgt.cu@gmail.com)
[info] 
     ######## #### ########  ######## ########     ###     ######  ########
     ##        ##  ##     ## ##       ##     ##  ##   ##  ##       ##
     ######    ##  ########  ######   ########  #########  ######  ######
     ##        ##  ##    ##  ##       ##     ## ##     ##       ## ##
     ##       #### ##     ## ######## ########  ##     ##  ######  ########

You're about to initialize a Firebase project in this directory:

  C:\projects\medicare-hospital

Before we get started, keep in mind:

  * You are currently outside your home directory
  * You are initializing within an existing Firebase project directory

